[04:45:37] [main/INFO]: Loading Minecraft 1.18.2 with Fabric Loader 0.14.9
[04:45:37] [main/INFO]: Loading 3 mods:
	- fabricloader 0.14.9
	- java 17
	- minecraft 1.18.2
[04:45:37] [main/INFO]: SpongePowered MIXIN Subsystem Version=0.8.5 Source=file:/C:/Users/gustavo/Documents/projects/minecraft-server/libraries/net/fabricmc/sponge-mixin/0.11.4+mixin.0.8.5/sponge-mixin-0.11.4+mixin.0.8.5.jar Service=Knot/Fabric Env=SERVER
[04:45:38] [main/WARN]: Failed to add PDH Counter: \Paging File(_Total)\% Usage, Error code: 0x800007D0
[04:45:38] [main/WARN]: Failed to add counter for PDH counter: \Paging File(_Total)\% Usage
[04:45:38] [main/WARN]: Disabling further attempts to query Paging File.
[04:45:38] [main/WARN]: COM exception: Invalid Query: SELECT PERCENTUSAGE FROM Win32_PerfRawData_PerfOS_PagingFile
[04:45:42] [main/INFO]: Environment: authHost='https://authserver.mojang.com', accountsHost='https://api.mojang.com', sessionHost='https://sessionserver.mojang.com', servicesHost='https://api.minecraftservices.com', name='PROD'
[04:45:44] [main/WARN]: Ambiguity between arguments [teleport, location] and [teleport, destination] with inputs: [0.1 -0.5 .9, 0 0 0]
[04:45:44] [main/WARN]: Ambiguity between arguments [teleport, location] and [teleport, targets] with inputs: [0.1 -0.5 .9, 0 0 0]
[04:45:44] [main/WARN]: Ambiguity between arguments [teleport, destination] and [teleport, targets] with inputs: [Player, 0123, @e, dd12be42-52a9-4a91-a8a1-11c01849e498]
[04:45:44] [main/WARN]: Ambiguity between arguments [teleport, targets] and [teleport, destination] with inputs: [Player, 0123, dd12be42-52a9-4a91-a8a1-11c01849e498]
[04:45:44] [main/WARN]: Ambiguity between arguments [teleport, targets, location] and [teleport, targets, destination] with inputs: [0.1 -0.5 .9, 0 0 0]
[04:45:45] [Worker-Main-12/INFO]: Loaded 7 recipes
[04:45:45] [Worker-Main-12/INFO]: Loaded 1141 advancements
[04:45:46] [Server thread/INFO]: Starting minecraft server version 1.18.2
[04:45:46] [Server thread/INFO]: Loading properties
[04:45:46] [Server thread/INFO]: Default game type: SURVIVAL
[04:45:46] [Server thread/INFO]: Generating keypair
[04:45:47] [Server thread/INFO]: Starting Minecraft server on *:25565
[04:45:47] [Server thread/INFO]: Using default channel type
[04:45:47] [Server thread/INFO]: Preparing level "world"
[04:45:54] [Server thread/INFO]: Preparing start region for dimension minecraft:overworld
[04:45:55] [Worker-Main-25/INFO]: Preparing spawn area: 0%
[04:45:55] [Worker-Main-25/INFO]: Preparing spawn area: 0%
[04:45:55] [Worker-Main-25/INFO]: Preparing spawn area: 0%
[04:45:56] [Worker-Main-17/INFO]: Preparing spawn area: 0%
[04:45:56] [Worker-Main-24/INFO]: Preparing spawn area: 0%
[04:45:57] [Worker-Main-24/INFO]: Preparing spawn area: 1%
[04:45:57] [Worker-Main-25/INFO]: Preparing spawn area: 1%
[04:45:58] [Worker-Main-17/INFO]: Preparing spawn area: 3%
[04:45:58] [Worker-Main-15/INFO]: Preparing spawn area: 4%
[04:45:59] [Worker-Main-12/INFO]: Preparing spawn area: 7%
[04:45:59] [Worker-Main-12/INFO]: Preparing spawn area: 10%
[04:46:00] [Worker-Main-16/INFO]: Preparing spawn area: 15%
[04:46:00] [Worker-Main-15/INFO]: Preparing spawn area: 19%
[04:46:01] [Worker-Main-22/INFO]: Preparing spawn area: 23%
[04:46:01] [Worker-Main-20/INFO]: Preparing spawn area: 28%
[04:46:02] [Worker-Main-14/INFO]: Preparing spawn area: 32%
[04:46:02] [Worker-Main-20/INFO]: Preparing spawn area: 37%
[04:46:03] [Worker-Main-14/INFO]: Preparing spawn area: 42%
[04:46:03] [Worker-Main-13/INFO]: Preparing spawn area: 46%
[04:46:04] [Worker-Main-12/INFO]: Preparing spawn area: 52%
[04:46:04] [Worker-Main-23/INFO]: Preparing spawn area: 56%
[04:46:05] [Worker-Main-12/INFO]: Preparing spawn area: 61%
[04:46:05] [Worker-Main-25/INFO]: Preparing spawn area: 68%
[04:46:06] [Worker-Main-20/INFO]: Preparing spawn area: 72%
[04:46:06] [Worker-Main-16/INFO]: Preparing spawn area: 78%
[04:46:07] [Worker-Main-13/INFO]: Preparing spawn area: 84%
[04:46:07] [Worker-Main-17/INFO]: Preparing spawn area: 89%
[04:46:08] [Worker-Main-24/INFO]: Preparing spawn area: 96%
[04:46:08] [Server thread/INFO]: Time elapsed: 13723 ms
[04:46:08] [Server thread/INFO]: Done (20.664s)! For help, type "help"
[04:52:23] [User Authenticator #1/INFO]: UUID of player __GALO is 8c3678df-c95b-4ef1-8a10-a593618aec8f
[04:52:23] [Server thread/INFO]: __GALO[/127.0.0.1:60167] logged in with entity id 407 at (-2.5, 75.0, -0.5)
[04:52:23] [Server thread/INFO]: __GALO joined the game
[04:52:36] [Server thread/INFO]: __GALO lost connection: Disconnected
[04:52:36] [Server thread/INFO]: __GALO left the game
[05:00:51] [Server thread/INFO]: Stopping the server
[05:00:51] [Server thread/INFO]: Stopping server
[05:00:51] [Server thread/INFO]: Saving players
[05:00:51] [Server thread/INFO]: Saving worlds
[05:00:51] [Server thread/INFO]: Saving chunks for level 'ServerLevel[world]'/minecraft:overworld
[05:00:55] [Server thread/INFO]: Saving chunks for level 'ServerLevel[world]'/minecraft:the_nether
[05:00:55] [Server thread/INFO]: Saving chunks for level 'ServerLevel[world]'/minecraft:the_end
[05:00:55] [Server thread/INFO]: ThreadedAnvilChunkStorage (world): All chunks are saved
[05:00:55] [Server thread/INFO]: ThreadedAnvilChunkStorage (DIM-1): All chunks are saved
[05:00:55] [Server thread/INFO]: ThreadedAnvilChunkStorage (DIM1): All chunks are saved
[05:00:55] [Server thread/INFO]: ThreadedAnvilChunkStorage: All dimensions are saved
